2023-06-14 18:21:20,909 [Worker-5: Loading available Gradle versions] INFO  o.e.b.c.i.u.g.PublishedGradleVersions - Gradle version information cache is up-to-date. Trying to read.
2023-06-14 18:21:58,243 [Worker-5: Loading available Gradle versions] INFO  o.e.b.c.i.u.g.PublishedGradleVersions - Gradle version information cache is up-to-date. Trying to read.
2023-06-14 18:22:16,670 [Worker-5: Updating Maven Dependencies] INFO  o.e.m.c.i.l.LifecycleMappingFactory - Using org.eclipse.m2e.jdt.JarLifecycleMapping lifecycle mapping for MavenProject: com.pe.cibertec:mayorsa:0.0.1-SNAPSHOT @ C:\Users\USER\Desktop\Desarrollo Aplicaciones web\TODO SOBRE EL PROYECTO\Mayorsa v5 (GITHUB)\ProyectoMayorsa\pom.xml.
2023-06-14 18:22:17,808 [Worker-20: Building workspace] INFO  o.e.m.c.i.l.LifecycleMappingFactory - Using org.eclipse.m2e.jdt.JarLifecycleMapping lifecycle mapping for MavenProject: com.pe.cibertec:mayorsa:0.0.1-SNAPSHOT @ C:\Users\USER\Desktop\Desarrollo Aplicaciones web\TODO SOBRE EL PROYECTO\Mayorsa v5 (GITHUB)\ProyectoMayorsa\pom.xml.
2023-06-14 18:22:18,821 [Worker-20: Building workspace] INFO  o.e.m.c.i.embedder.EclipseLogger - Using 'UTF-8' encoding to copy filtered resources.
2023-06-14 18:22:18,821 [Worker-20: Building workspace] INFO  o.e.m.c.i.embedder.EclipseLogger - Using 'UTF-8' encoding to copy filtered properties files.
2023-06-14 18:22:18,825 [Worker-20: Building workspace] INFO  o.e.m.c.i.embedder.EclipseLogger - Copying 1 resource
2023-06-14 18:22:18,840 [Worker-20: Building workspace] INFO  o.e.m.c.i.embedder.EclipseLogger - Copying 48 resources
2023-06-14 18:22:18,921 [Worker-20: Building workspace] INFO  o.e.m.c.i.embedder.EclipseLogger - Using 'UTF-8' encoding to copy filtered resources.
2023-06-14 18:22:18,921 [Worker-20: Building workspace] INFO  o.e.m.c.i.embedder.EclipseLogger - Using 'UTF-8' encoding to copy filtered properties files.
2023-06-14 18:22:18,921 [Worker-20: Building workspace] INFO  o.e.m.c.i.embedder.EclipseLogger - skip non existing resourceDirectory C:\Users\USER\Desktop\Desarrollo Aplicaciones web\TODO SOBRE EL PROYECTO\Mayorsa v5 (GITHUB)\ProyectoMayorsa\src\test\resources
2023-06-14 18:22:19,691 [Worker-2: Building workspace] INFO  o.e.m.c.i.embedder.EclipseLogger - Using 'UTF-8' encoding to copy filtered resources.
2023-06-14 18:22:19,691 [Worker-2: Building workspace] INFO  o.e.m.c.i.embedder.EclipseLogger - Using 'UTF-8' encoding to copy filtered properties files.
2023-06-14 18:22:19,691 [Worker-2: Building workspace] INFO  o.e.m.c.i.embedder.EclipseLogger - Copying 1 resource
2023-06-14 18:22:19,693 [Worker-2: Building workspace] INFO  o.e.m.c.i.embedder.EclipseLogger - Copying 48 resources
2023-06-14 18:22:19,765 [Worker-2: Building workspace] INFO  o.e.m.c.i.embedder.EclipseLogger - Using 'UTF-8' encoding to copy filtered resources.
2023-06-14 18:22:19,765 [Worker-2: Building workspace] INFO  o.e.m.c.i.embedder.EclipseLogger - Using 'UTF-8' encoding to copy filtered properties files.
2023-06-14 18:22:19,765 [Worker-2: Building workspace] INFO  o.e.m.c.i.embedder.EclipseLogger - skip non existing resourceDirectory C:\Users\USER\Desktop\Desarrollo Aplicaciones web\TODO SOBRE EL PROYECTO\Mayorsa v5 (GITHUB)\ProyectoMayorsa\src\test\resources
2023-06-14 18:22:19,985 [Worker-12: Building workspace] INFO  o.e.m.c.i.embedder.EclipseLogger - Using 'UTF-8' encoding to copy filtered resources.
2023-06-14 18:22:19,986 [Worker-12: Building workspace] INFO  o.e.m.c.i.embedder.EclipseLogger - Using 'UTF-8' encoding to copy filtered properties files.
2023-06-14 18:22:19,986 [Worker-12: Building workspace] INFO  o.e.m.c.i.embedder.EclipseLogger - Copying 1 resource
2023-06-14 18:22:19,987 [Worker-12: Building workspace] INFO  o.e.m.c.i.embedder.EclipseLogger - Copying 48 resources
2023-06-14 18:22:20,061 [Worker-12: Building workspace] INFO  o.e.m.c.i.embedder.EclipseLogger - Using 'UTF-8' encoding to copy filtered resources.
2023-06-14 18:22:20,061 [Worker-12: Building workspace] INFO  o.e.m.c.i.embedder.EclipseLogger - Using 'UTF-8' encoding to copy filtered properties files.
2023-06-14 18:22:20,061 [Worker-12: Building workspace] INFO  o.e.m.c.i.embedder.EclipseLogger - skip non existing resourceDirectory C:\Users\USER\Desktop\Desarrollo Aplicaciones web\TODO SOBRE EL PROYECTO\Mayorsa v5 (GITHUB)\ProyectoMayorsa\src\test\resources
2023-06-14 18:22:20,263 [Worker-20: Building workspace] INFO  o.e.m.c.i.embedder.EclipseLogger - Using 'UTF-8' encoding to copy filtered resources.
2023-06-14 18:22:20,263 [Worker-20: Building workspace] INFO  o.e.m.c.i.embedder.EclipseLogger - Using 'UTF-8' encoding to copy filtered properties files.
2023-06-14 18:22:20,264 [Worker-20: Building workspace] INFO  o.e.m.c.i.embedder.EclipseLogger - Copying 1 resource
2023-06-14 18:22:20,265 [Worker-20: Building workspace] INFO  o.e.m.c.i.embedder.EclipseLogger - Copying 48 resources
2023-06-14 18:22:20,339 [Worker-20: Building workspace] INFO  o.e.m.c.i.embedder.EclipseLogger - Using 'UTF-8' encoding to copy filtered resources.
2023-06-14 18:22:20,339 [Worker-20: Building workspace] INFO  o.e.m.c.i.embedder.EclipseLogger - Using 'UTF-8' encoding to copy filtered properties files.
2023-06-14 18:22:20,339 [Worker-20: Building workspace] INFO  o.e.m.c.i.embedder.EclipseLogger - skip non existing resourceDirectory C:\Users\USER\Desktop\Desarrollo Aplicaciones web\TODO SOBRE EL PROYECTO\Mayorsa v5 (GITHUB)\ProyectoMayorsa\src\test\resources
2023-06-14 18:22:20,531 [Worker-23: Building workspace] INFO  o.e.m.c.i.embedder.EclipseLogger - Using 'UTF-8' encoding to copy filtered resources.
2023-06-14 18:22:20,531 [Worker-23: Building workspace] INFO  o.e.m.c.i.embedder.EclipseLogger - Using 'UTF-8' encoding to copy filtered properties files.
2023-06-14 18:22:20,531 [Worker-23: Building workspace] INFO  o.e.m.c.i.embedder.EclipseLogger - Copying 1 resource
2023-06-14 18:22:20,533 [Worker-23: Building workspace] INFO  o.e.m.c.i.embedder.EclipseLogger - Copying 48 resources
2023-06-14 18:22:20,623 [Worker-23: Building workspace] INFO  o.e.m.c.i.embedder.EclipseLogger - Using 'UTF-8' encoding to copy filtered resources.
2023-06-14 18:22:20,623 [Worker-23: Building workspace] INFO  o.e.m.c.i.embedder.EclipseLogger - Using 'UTF-8' encoding to copy filtered properties files.
2023-06-14 18:22:20,623 [Worker-23: Building workspace] INFO  o.e.m.c.i.embedder.EclipseLogger - skip non existing resourceDirectory C:\Users\USER\Desktop\Desarrollo Aplicaciones web\TODO SOBRE EL PROYECTO\Mayorsa v5 (GITHUB)\ProyectoMayorsa\src\test\resources
2023-06-14 18:22:20,795 [Worker-3: Building workspace] INFO  o.e.m.c.i.embedder.EclipseLogger - Using 'UTF-8' encoding to copy filtered resources.
2023-06-14 18:22:20,795 [Worker-3: Building workspace] INFO  o.e.m.c.i.embedder.EclipseLogger - Using 'UTF-8' encoding to copy filtered properties files.
2023-06-14 18:22:20,795 [Worker-3: Building workspace] INFO  o.e.m.c.i.embedder.EclipseLogger - Copying 1 resource
2023-06-14 18:22:20,797 [Worker-3: Building workspace] INFO  o.e.m.c.i.embedder.EclipseLogger - Copying 48 resources
2023-06-14 18:22:20,873 [Worker-3: Building workspace] INFO  o.e.m.c.i.embedder.EclipseLogger - Using 'UTF-8' encoding to copy filtered resources.
2023-06-14 18:22:20,873 [Worker-3: Building workspace] INFO  o.e.m.c.i.embedder.EclipseLogger - Using 'UTF-8' encoding to copy filtered properties files.
2023-06-14 18:22:20,873 [Worker-3: Building workspace] INFO  o.e.m.c.i.embedder.EclipseLogger - skip non existing resourceDirectory C:\Users\USER\Desktop\Desarrollo Aplicaciones web\TODO SOBRE EL PROYECTO\Mayorsa v5 (GITHUB)\ProyectoMayorsa\src\test\resources
2023-06-14 18:22:21,305 [Worker-14: Building] INFO  o.e.m.c.i.embedder.EclipseLogger - Using 'UTF-8' encoding to copy filtered resources.
2023-06-14 18:22:21,306 [Worker-14: Building] INFO  o.e.m.c.i.embedder.EclipseLogger - Using 'UTF-8' encoding to copy filtered properties files.
2023-06-14 18:22:21,307 [Worker-14: Building] INFO  o.e.m.c.i.embedder.EclipseLogger - Copying 0 resource
2023-06-14 18:22:21,307 [Worker-14: Building] INFO  o.e.m.c.i.embedder.EclipseLogger - Copying 0 resource
2023-06-14 18:22:21,308 [Worker-14: Building] INFO  o.e.m.c.i.embedder.EclipseLogger - Using 'UTF-8' encoding to copy filtered resources.
2023-06-14 18:22:21,308 [Worker-14: Building] INFO  o.e.m.c.i.embedder.EclipseLogger - Using 'UTF-8' encoding to copy filtered properties files.
2023-06-14 18:22:21,308 [Worker-14: Building] INFO  o.e.m.c.i.embedder.EclipseLogger - skip non existing resourceDirectory C:\Users\USER\Desktop\Desarrollo Aplicaciones web\TODO SOBRE EL PROYECTO\Mayorsa v5 (GITHUB)\ProyectoMayorsa\src\test\resources
2023-06-14 18:22:22,446 [Worker-15: Updating Maven Dependencies] INFO  o.e.m.c.i.l.LifecycleMappingFactory - Using org.eclipse.m2e.jdt.JarLifecycleMapping lifecycle mapping for MavenProject: com.pe.cibertec:mayorsa:0.0.1-SNAPSHOT @ C:\Users\USER\Desktop\Desarrollo Aplicaciones web\TODO SOBRE EL PROYECTO\Mayorsa v5 (GITHUB)\ProyectoMayorsa\pom.xml.
2023-06-14 18:22:23,676 [Worker-10: Building] INFO  o.e.m.c.i.embedder.EclipseLogger - Using 'UTF-8' encoding to copy filtered resources.
2023-06-14 18:22:23,676 [Worker-10: Building] INFO  o.e.m.c.i.embedder.EclipseLogger - Using 'UTF-8' encoding to copy filtered properties files.
2023-06-14 18:22:23,678 [Worker-10: Building] INFO  o.e.m.c.i.embedder.EclipseLogger - Copying 0 resource
2023-06-14 18:22:23,679 [Worker-10: Building] INFO  o.e.m.c.i.embedder.EclipseLogger - Copying 0 resource
2023-06-14 18:22:23,680 [Worker-10: Building] INFO  o.e.m.c.i.embedder.EclipseLogger - Using 'UTF-8' encoding to copy filtered resources.
2023-06-14 18:22:23,680 [Worker-10: Building] INFO  o.e.m.c.i.embedder.EclipseLogger - Using 'UTF-8' encoding to copy filtered properties files.
2023-06-14 18:22:23,680 [Worker-10: Building] INFO  o.e.m.c.i.embedder.EclipseLogger - skip non existing resourceDirectory C:\Users\USER\Desktop\Desarrollo Aplicaciones web\TODO SOBRE EL PROYECTO\Mayorsa v5 (GITHUB)\ProyectoMayorsa\src\test\resources
2023-06-14 18:23:42,840 [Worker-6: Loading available Gradle versions] INFO  o.e.b.c.i.u.g.PublishedGradleVersions - Gradle version information cache is up-to-date. Trying to read.
2023-06-15 21:59:35,637 [Worker-6: Loading available Gradle versions] INFO  o.e.b.c.i.u.g.PublishedGradleVersions - Gradle version information cache is out-of-date. Trying to update.
2023-06-16 03:39:15,657 [Worker-3: Loading available Gradle versions] INFO  o.e.b.c.i.u.g.PublishedGradleVersions - Gradle version information cache is up-to-date. Trying to read.
2023-06-16 03:39:28,347 [Worker-28: Building] INFO  o.e.m.c.i.embedder.EclipseLogger - Using 'UTF-8' encoding to copy filtered resources.
2023-06-16 03:39:28,347 [Worker-28: Building] INFO  o.e.m.c.i.embedder.EclipseLogger - Using 'UTF-8' encoding to copy filtered properties files.
2023-06-16 03:39:28,350 [Worker-28: Building] INFO  o.e.m.c.i.embedder.EclipseLogger - Copying 1 resource
2023-06-16 03:39:28,366 [Worker-28: Building] INFO  o.e.m.c.i.embedder.EclipseLogger - Copying 47 resources
2023-06-16 03:39:28,523 [Worker-28: Building] INFO  o.e.m.c.i.embedder.EclipseLogger - Using 'UTF-8' encoding to copy filtered resources.
2023-06-16 03:39:28,523 [Worker-28: Building] INFO  o.e.m.c.i.embedder.EclipseLogger - Using 'UTF-8' encoding to copy filtered properties files.
2023-06-16 03:39:28,523 [Worker-28: Building] INFO  o.e.m.c.i.embedder.EclipseLogger - skip non existing resourceDirectory C:\Users\USER\Desktop\Desarrollo Aplicaciones web\TODO SOBRE EL PROYECTO\Mayorsa v5 (GITHUB)\ProyectoMayorsa\src\test\resources
2023-06-16 03:39:35,764 [Worker-19: Building] INFO  o.e.m.c.i.embedder.EclipseLogger - Using 'UTF-8' encoding to copy filtered resources.
2023-06-16 03:39:35,765 [Worker-19: Building] INFO  o.e.m.c.i.embedder.EclipseLogger - Using 'UTF-8' encoding to copy filtered properties files.
2023-06-16 03:39:35,767 [Worker-19: Building] INFO  o.e.m.c.i.embedder.EclipseLogger - Copying 0 resource
2023-06-16 03:39:35,767 [Worker-19: Building] INFO  o.e.m.c.i.embedder.EclipseLogger - Copying 4 resources
2023-06-16 03:39:35,775 [Worker-19: Building] INFO  o.e.m.c.i.embedder.EclipseLogger - Using 'UTF-8' encoding to copy filtered resources.
2023-06-16 03:39:35,775 [Worker-19: Building] INFO  o.e.m.c.i.embedder.EclipseLogger - Using 'UTF-8' encoding to copy filtered properties files.
2023-06-16 03:39:35,775 [Worker-19: Building] INFO  o.e.m.c.i.embedder.EclipseLogger - skip non existing resourceDirectory C:\Users\USER\Desktop\Desarrollo Aplicaciones web\TODO SOBRE EL PROYECTO\Mayorsa v5 (GITHUB)\ProyectoMayorsa\src\test\resources
2023-06-16 03:40:19,718 [Worker-18: Building] INFO  o.e.m.c.i.embedder.EclipseLogger - Using 'UTF-8' encoding to copy filtered resources.
2023-06-16 03:40:19,718 [Worker-18: Building] INFO  o.e.m.c.i.embedder.EclipseLogger - Using 'UTF-8' encoding to copy filtered properties files.
2023-06-16 03:40:19,718 [Worker-18: Building] INFO  o.e.m.c.i.embedder.EclipseLogger - Copying 0 resource
2023-06-16 03:40:19,719 [Worker-18: Building] INFO  o.e.m.c.i.embedder.EclipseLogger - Copying 1 resource
2023-06-16 03:40:19,722 [Worker-18: Building] INFO  o.e.m.c.i.embedder.EclipseLogger - Using 'UTF-8' encoding to copy filtered resources.
2023-06-16 03:40:19,722 [Worker-18: Building] INFO  o.e.m.c.i.embedder.EclipseLogger - Using 'UTF-8' encoding to copy filtered properties files.
2023-06-16 03:40:19,722 [Worker-18: Building] INFO  o.e.m.c.i.embedder.EclipseLogger - skip non existing resourceDirectory C:\Users\USER\Desktop\Desarrollo Aplicaciones web\TODO SOBRE EL PROYECTO\Mayorsa v5 (GITHUB)\ProyectoMayorsa\src\test\resources
2023-06-16 03:40:27,328 [Worker-7: Building] INFO  o.e.m.c.i.embedder.EclipseLogger - Using 'UTF-8' encoding to copy filtered resources.
2023-06-16 03:40:27,328 [Worker-7: Building] INFO  o.e.m.c.i.embedder.EclipseLogger - Using 'UTF-8' encoding to copy filtered properties files.
2023-06-16 03:40:27,329 [Worker-7: Building] INFO  o.e.m.c.i.embedder.EclipseLogger - Copying 0 resource
2023-06-16 03:40:27,329 [Worker-7: Building] INFO  o.e.m.c.i.embedder.EclipseLogger - Copying 1 resource
2023-06-16 03:40:27,331 [Worker-7: Building] INFO  o.e.m.c.i.embedder.EclipseLogger - Using 'UTF-8' encoding to copy filtered resources.
2023-06-16 03:40:27,332 [Worker-7: Building] INFO  o.e.m.c.i.embedder.EclipseLogger - Using 'UTF-8' encoding to copy filtered properties files.
2023-06-16 03:40:27,332 [Worker-7: Building] INFO  o.e.m.c.i.embedder.EclipseLogger - skip non existing resourceDirectory C:\Users\USER\Desktop\Desarrollo Aplicaciones web\TODO SOBRE EL PROYECTO\Mayorsa v5 (GITHUB)\ProyectoMayorsa\src\test\resources
2023-06-16 03:40:54,097 [Worker-2: Building] INFO  o.e.m.c.i.embedder.EclipseLogger - Using 'UTF-8' encoding to copy filtered resources.
2023-06-16 03:40:54,097 [Worker-2: Building] INFO  o.e.m.c.i.embedder.EclipseLogger - Using 'UTF-8' encoding to copy filtered properties files.
2023-06-16 03:40:54,098 [Worker-2: Building] INFO  o.e.m.c.i.embedder.EclipseLogger - Copying 0 resource
2023-06-16 03:40:54,098 [Worker-2: Building] INFO  o.e.m.c.i.embedder.EclipseLogger - Copying 1 resource
2023-06-16 03:40:54,101 [Worker-2: Building] INFO  o.e.m.c.i.embedder.EclipseLogger - Using 'UTF-8' encoding to copy filtered resources.
2023-06-16 03:40:54,101 [Worker-2: Building] INFO  o.e.m.c.i.embedder.EclipseLogger - Using 'UTF-8' encoding to copy filtered properties files.
2023-06-16 03:40:54,101 [Worker-2: Building] INFO  o.e.m.c.i.embedder.EclipseLogger - skip non existing resourceDirectory C:\Users\USER\Desktop\Desarrollo Aplicaciones web\TODO SOBRE EL PROYECTO\Mayorsa v5 (GITHUB)\ProyectoMayorsa\src\test\resources
2023-06-16 03:44:56,712 [Worker-10: Building] INFO  o.e.m.c.i.embedder.EclipseLogger - Using 'UTF-8' encoding to copy filtered resources.
2023-06-16 03:44:56,712 [Worker-10: Building] INFO  o.e.m.c.i.embedder.EclipseLogger - Using 'UTF-8' encoding to copy filtered properties files.
2023-06-16 03:44:56,712 [Worker-10: Building] INFO  o.e.m.c.i.embedder.EclipseLogger - Copying 0 resource
2023-06-16 03:44:56,712 [Worker-10: Building] INFO  o.e.m.c.i.embedder.EclipseLogger - Copying 1 resource
2023-06-16 03:44:56,715 [Worker-10: Building] INFO  o.e.m.c.i.embedder.EclipseLogger - Using 'UTF-8' encoding to copy filtered resources.
2023-06-16 03:44:56,715 [Worker-10: Building] INFO  o.e.m.c.i.embedder.EclipseLogger - Using 'UTF-8' encoding to copy filtered properties files.
2023-06-16 03:44:56,715 [Worker-10: Building] INFO  o.e.m.c.i.embedder.EclipseLogger - skip non existing resourceDirectory C:\Users\USER\Desktop\Desarrollo Aplicaciones web\TODO SOBRE EL PROYECTO\Mayorsa v5 (GITHUB)\ProyectoMayorsa\src\test\resources
2023-06-16 03:49:25,288 [Worker-2: Building] INFO  o.e.m.c.i.embedder.EclipseLogger - Using 'UTF-8' encoding to copy filtered resources.
2023-06-16 03:49:25,289 [Worker-2: Building] INFO  o.e.m.c.i.embedder.EclipseLogger - Using 'UTF-8' encoding to copy filtered properties files.
2023-06-16 03:49:25,289 [Worker-2: Building] INFO  o.e.m.c.i.embedder.EclipseLogger - Copying 0 resource
2023-06-16 03:49:25,289 [Worker-2: Building] INFO  o.e.m.c.i.embedder.EclipseLogger - Copying 1 resource
2023-06-16 03:49:25,292 [Worker-2: Building] INFO  o.e.m.c.i.embedder.EclipseLogger - Using 'UTF-8' encoding to copy filtered resources.
2023-06-16 03:49:25,292 [Worker-2: Building] INFO  o.e.m.c.i.embedder.EclipseLogger - Using 'UTF-8' encoding to copy filtered properties files.
2023-06-16 03:49:25,292 [Worker-2: Building] INFO  o.e.m.c.i.embedder.EclipseLogger - skip non existing resourceDirectory C:\Users\USER\Desktop\Desarrollo Aplicaciones web\TODO SOBRE EL PROYECTO\Mayorsa v5 (GITHUB)\ProyectoMayorsa\src\test\resources
2023-06-16 03:49:45,178 [Worker-29: Building] INFO  o.e.m.c.i.embedder.EclipseLogger - Using 'UTF-8' encoding to copy filtered resources.
2023-06-16 03:49:45,178 [Worker-29: Building] INFO  o.e.m.c.i.embedder.EclipseLogger - Using 'UTF-8' encoding to copy filtered properties files.
2023-06-16 03:49:45,179 [Worker-29: Building] INFO  o.e.m.c.i.embedder.EclipseLogger - Copying 0 resource
2023-06-16 03:49:45,179 [Worker-29: Building] INFO  o.e.m.c.i.embedder.EclipseLogger - Copying 1 resource
2023-06-16 03:49:45,183 [Worker-29: Building] INFO  o.e.m.c.i.embedder.EclipseLogger - Using 'UTF-8' encoding to copy filtered resources.
2023-06-16 03:49:45,183 [Worker-29: Building] INFO  o.e.m.c.i.embedder.EclipseLogger - Using 'UTF-8' encoding to copy filtered properties files.
2023-06-16 03:49:45,183 [Worker-29: Building] INFO  o.e.m.c.i.embedder.EclipseLogger - skip non existing resourceDirectory C:\Users\USER\Desktop\Desarrollo Aplicaciones web\TODO SOBRE EL PROYECTO\Mayorsa v5 (GITHUB)\ProyectoMayorsa\src\test\resources
2023-06-16 03:50:21,084 [Worker-29: Building] INFO  o.e.m.c.i.embedder.EclipseLogger - Using 'UTF-8' encoding to copy filtered resources.
2023-06-16 03:50:21,084 [Worker-29: Building] INFO  o.e.m.c.i.embedder.EclipseLogger - Using 'UTF-8' encoding to copy filtered properties files.
2023-06-16 03:50:21,085 [Worker-29: Building] INFO  o.e.m.c.i.embedder.EclipseLogger - Copying 0 resource
2023-06-16 03:50:21,085 [Worker-29: Building] INFO  o.e.m.c.i.embedder.EclipseLogger - Copying 1 resource
2023-06-16 03:50:21,087 [Worker-29: Building] INFO  o.e.m.c.i.embedder.EclipseLogger - Using 'UTF-8' encoding to copy filtered resources.
2023-06-16 03:50:21,087 [Worker-29: Building] INFO  o.e.m.c.i.embedder.EclipseLogger - Using 'UTF-8' encoding to copy filtered properties files.
2023-06-16 03:50:21,087 [Worker-29: Building] INFO  o.e.m.c.i.embedder.EclipseLogger - skip non existing resourceDirectory C:\Users\USER\Desktop\Desarrollo Aplicaciones web\TODO SOBRE EL PROYECTO\Mayorsa v5 (GITHUB)\ProyectoMayorsa\src\test\resources
2023-06-16 03:50:53,075 [Worker-32: Building] INFO  o.e.m.c.i.embedder.EclipseLogger - Using 'UTF-8' encoding to copy filtered resources.
2023-06-16 03:50:53,075 [Worker-32: Building] INFO  o.e.m.c.i.embedder.EclipseLogger - Using 'UTF-8' encoding to copy filtered properties files.
2023-06-16 03:50:53,075 [Worker-32: Building] INFO  o.e.m.c.i.embedder.EclipseLogger - Copying 0 resource
2023-06-16 03:50:53,075 [Worker-32: Building] INFO  o.e.m.c.i.embedder.EclipseLogger - Copying 1 resource
2023-06-16 03:50:53,081 [Worker-32: Building] INFO  o.e.m.c.i.embedder.EclipseLogger - Using 'UTF-8' encoding to copy filtered resources.
2023-06-16 03:50:53,081 [Worker-32: Building] INFO  o.e.m.c.i.embedder.EclipseLogger - Using 'UTF-8' encoding to copy filtered properties files.
2023-06-16 03:50:53,081 [Worker-32: Building] INFO  o.e.m.c.i.embedder.EclipseLogger - skip non existing resourceDirectory C:\Users\USER\Desktop\Desarrollo Aplicaciones web\TODO SOBRE EL PROYECTO\Mayorsa v5 (GITHUB)\ProyectoMayorsa\src\test\resources
2023-06-16 03:57:08,685 [Worker-3: Loading available Gradle versions] INFO  o.e.b.c.i.u.g.PublishedGradleVersions - Gradle version information cache is up-to-date. Trying to read.
2023-06-16 04:01:17,149 [Worker-28: Building] INFO  o.e.m.c.i.embedder.EclipseLogger - Using 'UTF-8' encoding to copy filtered resources.
2023-06-16 04:01:17,151 [Worker-28: Building] INFO  o.e.m.c.i.embedder.EclipseLogger - Using 'UTF-8' encoding to copy filtered properties files.
2023-06-16 04:01:17,155 [Worker-28: Building] INFO  o.e.m.c.i.embedder.EclipseLogger - Copying 1 resource
2023-06-16 04:01:17,175 [Worker-28: Building] INFO  o.e.m.c.i.embedder.EclipseLogger - Copying 51 resources
2023-06-16 04:01:17,196 [Worker-28: Building] INFO  o.e.m.c.i.embedder.EclipseLogger - Using 'UTF-8' encoding to copy filtered resources.
2023-06-16 04:01:17,196 [Worker-28: Building] INFO  o.e.m.c.i.embedder.EclipseLogger - Using 'UTF-8' encoding to copy filtered properties files.
2023-06-16 04:01:17,197 [Worker-28: Building] INFO  o.e.m.c.i.embedder.EclipseLogger - skip non existing resourceDirectory C:\Users\USER\Desktop\Desarrollo Aplicaciones web\TODO SOBRE EL PROYECTO\Mayorsa v5 (GITHUB)\ProyectoMayorsa\src\test\resources
2023-06-16 04:01:24,379 [Worker-29: Building] INFO  o.e.m.c.i.embedder.EclipseLogger - Using 'UTF-8' encoding to copy filtered resources.
2023-06-16 04:01:24,379 [Worker-29: Building] INFO  o.e.m.c.i.embedder.EclipseLogger - Using 'UTF-8' encoding to copy filtered properties files.
2023-06-16 04:01:24,380 [Worker-29: Building] INFO  o.e.m.c.i.embedder.EclipseLogger - Copying 0 resource
2023-06-16 04:01:24,380 [Worker-29: Building] INFO  o.e.m.c.i.embedder.EclipseLogger - Copying 1 resource
2023-06-16 04:01:24,384 [Worker-29: Building] INFO  o.e.m.c.i.embedder.EclipseLogger - Using 'UTF-8' encoding to copy filtered resources.
2023-06-16 04:01:24,384 [Worker-29: Building] INFO  o.e.m.c.i.embedder.EclipseLogger - Using 'UTF-8' encoding to copy filtered properties files.
2023-06-16 04:01:24,384 [Worker-29: Building] INFO  o.e.m.c.i.embedder.EclipseLogger - skip non existing resourceDirectory C:\Users\USER\Desktop\Desarrollo Aplicaciones web\TODO SOBRE EL PROYECTO\Mayorsa v5 (GITHUB)\ProyectoMayorsa\src\test\resources
2023-06-16 04:02:19,275 [Worker-28: Building] INFO  o.e.m.c.i.embedder.EclipseLogger - Using 'UTF-8' encoding to copy filtered resources.
2023-06-16 04:02:19,275 [Worker-28: Building] INFO  o.e.m.c.i.embedder.EclipseLogger - Using 'UTF-8' encoding to copy filtered properties files.
2023-06-16 04:02:19,275 [Worker-28: Building] INFO  o.e.m.c.i.embedder.EclipseLogger - Copying 0 resource
2023-06-16 04:02:19,276 [Worker-28: Building] INFO  o.e.m.c.i.embedder.EclipseLogger - Copying 1 resource
2023-06-16 04:02:19,279 [Worker-28: Building] INFO  o.e.m.c.i.embedder.EclipseLogger - Using 'UTF-8' encoding to copy filtered resources.
2023-06-16 04:02:19,279 [Worker-28: Building] INFO  o.e.m.c.i.embedder.EclipseLogger - Using 'UTF-8' encoding to copy filtered properties files.
2023-06-16 04:02:19,279 [Worker-28: Building] INFO  o.e.m.c.i.embedder.EclipseLogger - skip non existing resourceDirectory C:\Users\USER\Desktop\Desarrollo Aplicaciones web\TODO SOBRE EL PROYECTO\Mayorsa v5 (GITHUB)\ProyectoMayorsa\src\test\resources
2023-06-16 04:02:48,493 [Worker-28: Building] INFO  o.e.m.c.i.embedder.EclipseLogger - Using 'UTF-8' encoding to copy filtered resources.
2023-06-16 04:02:48,493 [Worker-28: Building] INFO  o.e.m.c.i.embedder.EclipseLogger - Using 'UTF-8' encoding to copy filtered properties files.
2023-06-16 04:02:48,493 [Worker-28: Building] INFO  o.e.m.c.i.embedder.EclipseLogger - Copying 0 resource
2023-06-16 04:02:48,493 [Worker-28: Building] INFO  o.e.m.c.i.embedder.EclipseLogger - Copying 1 resource
2023-06-16 04:02:48,496 [Worker-28: Building] INFO  o.e.m.c.i.embedder.EclipseLogger - Using 'UTF-8' encoding to copy filtered resources.
2023-06-16 04:02:48,496 [Worker-28: Building] INFO  o.e.m.c.i.embedder.EclipseLogger - Using 'UTF-8' encoding to copy filtered properties files.
2023-06-16 04:02:48,496 [Worker-28: Building] INFO  o.e.m.c.i.embedder.EclipseLogger - skip non existing resourceDirectory C:\Users\USER\Desktop\Desarrollo Aplicaciones web\TODO SOBRE EL PROYECTO\Mayorsa v5 (GITHUB)\ProyectoMayorsa\src\test\resources
